Failed creating lookup table at 1512882163.96: [Errno 10060] A connection attempt failed because the connected party did not properly respond after a period of time, or established connection failed because connected host has failed to respond
Failed main loop at 1512882163.96: global name 'exit' is not defined
Failed creating lookup table at 1512911187.38: [Errno 10060] A connection attempt failed because the connected party did not properly respond after a period of time, or established connection failed because connected host has failed to respond
Failed main loop at 1512911187.38: global name 'exit' is not defined
Failed creating lookup table at 1512916583.68: [Errno socket error] [Errno 10060] A connection attempt failed because the connected party did not properly respond after a period of time, or established connection failed because connected host has failed to respond
Failed main loop at 1512916583.68: global name 'exit' is not defined
Failed creating lookup table at 1512994139.88: [Errno 10060] A connection attempt failed because the connected party did not properly respond after a period of time, or established connection failed because connected host has failed to respond
Failed main loop at 1512994139.88: global name 'exit' is not defined
Failed creating lookup table at 1513041695.33: [Errno 10060] A connection attempt failed because the connected party did not properly respond after a period of time, or established connection failed because connected host has failed to respond
Failed main loop at 1513041695.33: global name 'exit' is not defined
Failed creating lookup table at 1513090187.81: [Errno 10060] A connection attempt failed because the connected party did not properly respond after a period of time, or established connection failed because connected host has failed to respond
Failed main loop at 1513090187.81: global name 'exit' is not defined
Failed creating lookup table at 1513097215.91: [Errno socket error] [Errno 10060] A connection attempt failed because the connected party did not properly respond after a period of time, or established connection failed because connected host has failed to respond
Failed main loop at 1513097215.91: global name 'exit' is not defined
Failed Street at 1513129929.86: [Errno socket error] [Errno 10060] A connection attempt failed because the connected party did not properly respond after a period of time, or established connection failed because connected host has failed to respond
Failed main loop at 1513129929.86: global name 'exit' is not defined
Failed Waterlight at 1513191601.24: ('http protocol error', 0, 'got a bad status line', None)
Failed main loop at 1513191601.24: global name 'exit' is not defined
Failed Solid Waste at 1513324802.01: ('http protocol error', 0, 'got a bad status line', None)
Failed main loop at 1513324802.01: global name 'exit' is not defined
Failed creating lookup table at 1513426130.88: [Errno 10060] A connection attempt failed because the connected party did not properly respond after a period of time, or established connection failed because connected host has failed to respond
Failed main loop at 1513426130.88: global name 'exit' is not defined
Failed creating lookup table at 1513513551.74: [Errno 10060] A connection attempt failed because the connected party did not properly respond after a period of time, or established connection failed because connected host has failed to respond
Failed main loop at 1513513551.74: global name 'exit' is not defined
Failed creating lookup table at 1513576439.25: [Errno 10060] A connection attempt failed because the connected party did not properly respond after a period of time, or established connection failed because connected host has failed to respond
Failed main loop at 1513576439.25: global name 'exit' is not defined
Failed creating lookup table at 1513664836.43: [Errno socket error] [Errno 10060] A connection attempt failed because the connected party did not properly respond after a period of time, or established connection failed because connected host has failed to respond
Failed main loop at 1513664836.44: global name 'exit' is not defined
Failed creating lookup table at 1513664858.19: [Errno socket error] [Errno 10060] A connection attempt failed because the connected party did not properly respond after a period of time, or established connection failed because connected host has failed to respond
Failed main loop at 1513664858.19: global name 'exit' is not defined
Failed creating lookup table at 1513664879.62: [Errno socket error] [Errno 10060] A connection attempt failed because the connected party did not properly respond after a period of time, or established connection failed because connected host has failed to respond
Failed main loop at 1513664879.63: global name 'exit' is not defined
Failed creating lookup table at 1513664901.32: [Errno socket error] [Errno 10060] A connection attempt failed because the connected party did not properly respond after a period of time, or established connection failed because connected host has failed to respond
Failed main loop at 1513664901.32: global name 'exit' is not defined
Failed creating lookup table at 1513664923.02: [Errno socket error] [Errno 10060] A connection attempt failed because the connected party did not properly respond after a period of time, or established connection failed because connected host has failed to respond
Failed main loop at 1513664923.02: global name 'exit' is not defined
Failed creating lookup table at 1513664944.72: [Errno socket error] [Errno 10060] A connection attempt failed because the connected party did not properly respond after a period of time, or established connection failed because connected host has failed to respond
Failed main loop at 1513664944.72: global name 'exit' is not defined
Failed creating lookup table at 1513664966.38: [Errno socket error] [Errno 10060] A connection attempt failed because the connected party did not properly respond after a period of time, or established connection failed because connected host has failed to respond
Failed main loop at 1513664966.39: global name 'exit' is not defined
Failed creating lookup table at 1513664987.99: [Errno socket error] [Errno 10060] A connection attempt failed because the connected party did not properly respond after a period of time, or established connection failed because connected host has failed to respond
Failed main loop at 1513664987.99: global name 'exit' is not defined
Failed creating lookup table at 1513665009.5: [Errno socket error] [Errno 10060] A connection attempt failed because the connected party did not properly respond after a period of time, or established connection failed because connected host has failed to respond
Failed main loop at 1513665009.5: global name 'exit' is not defined
Failed creating lookup table at 1513665031.0: [Errno socket error] [Errno 10060] A connection attempt failed because the connected party did not properly respond after a period of time, or established connection failed because connected host has failed to respond
Failed main loop at 1513665031.0: global name 'exit' is not defined
Failed creating lookup table at 1513665052.68: [Errno socket error] [Errno 10060] A connection attempt failed because the connected party did not properly respond after a period of time, or established connection failed because connected host has failed to respond
Failed main loop at 1513665052.68: global name 'exit' is not defined
Failed creating lookup table at 1513665074.21: [Errno socket error] [Errno 10060] A connection attempt failed because the connected party did not properly respond after a period of time, or established connection failed because connected host has failed to respond
Failed main loop at 1513665074.21: global name 'exit' is not defined
Failed creating lookup table at 1513665095.93: [Errno socket error] [Errno 10060] A connection attempt failed because the connected party did not properly respond after a period of time, or established connection failed because connected host has failed to respond
Failed main loop at 1513665095.93: global name 'exit' is not defined
Failed creating lookup table at 1513665117.47: [Errno socket error] [Errno 10060] A connection attempt failed because the connected party did not properly respond after a period of time, or established connection failed because connected host has failed to respond
Failed main loop at 1513665117.47: global name 'exit' is not defined
Failed creating lookup table at 1513665139.12: [Errno socket error] [Errno 10060] A connection attempt failed because the connected party did not properly respond after a period of time, or established connection failed because connected host has failed to respond
Failed main loop at 1513665139.12: global name 'exit' is not defined
Failed creating lookup table at 1513665160.83: [Errno socket error] [Errno 10060] A connection attempt failed because the connected party did not properly respond after a period of time, or established connection failed because connected host has failed to respond
Failed main loop at 1513665160.83: global name 'exit' is not defined
Failed Solid Waste at 1513724711.34: list assignment index out of range
Failed main loop at 1513724711.34: global name 'exit' is not defined
Failed Waterlight at 1513724713.11: list assignment index out of range
Failed main loop at 1513724713.11: global name 'exit' is not defined
Failed creating lookup table at 1513765284.45: [Errno 10060] A connection attempt failed because the connected party did not properly respond after a period of time, or established connection failed because connected host has failed to respond
Failed main loop at 1513765284.45: global name 'exit' is not defined
Failed Waterlight at 1513784221.72: [Errno socket error] [Errno 10054] An existing connection was forcibly closed by the remote host
Failed main loop at 1513784221.72: global name 'exit' is not defined
Failed Solid Waste at 1513784226.25: [Errno socket error] [Errno 10054] An existing connection was forcibly closed by the remote host
Failed main loop at 1513784226.25: global name 'exit' is not defined
Failed Sewer at 1513784229.94: [Errno socket error] [Errno 10054] An existing connection was forcibly closed by the remote host
Failed main loop at 1513784229.95: global name 'exit' is not defined
Failed Waterlight at 1513784417.37: [Errno socket error] [Errno 10054] An existing connection was forcibly closed by the remote host
Failed main loop at 1513784417.37: global name 'exit' is not defined
Failed Waterlight at 1513784530.82: [Errno socket error] [Errno 10054] An existing connection was forcibly closed by the remote host
Failed main loop at 1513784530.82: global name 'exit' is not defined
Failed Street at 1513784534.91: [Errno socket error] [Errno 10054] An existing connection was forcibly closed by the remote host
Failed main loop at 1513784534.91: global name 'exit' is not defined
Failed Sewer at 1513784538.29: [Errno socket error] [Errno 10054] An existing connection was forcibly closed by the remote host
Failed main loop at 1513784538.29: global name 'exit' is not defined
Failed Street at 1513784652.29: [Errno socket error] [Errno 10054] An existing connection was forcibly closed by the remote host
Failed main loop at 1513784652.29: global name 'exit' is not defined
Failed creating lookup table at 1513784783.6: [Errno socket error] [Errno 10054] An existing connection was forcibly closed by the remote host
Failed main loop at 1513784783.6: global name 'exit' is not defined
Failed Waterlight at 1513784852.22: [Errno socket error] [Errno 10054] An existing connection was forcibly closed by the remote host
Failed main loop at 1513784852.22: global name 'exit' is not defined
Failed Waterlight at 1513785045.28: [Errno socket error] [Errno 10054] An existing connection was forcibly closed by the remote host
Failed main loop at 1513785045.28: global name 'exit' is not defined
Failed Sewer at 1513785048.84: [Errno socket error] [Errno 10054] An existing connection was forcibly closed by the remote host
Failed main loop at 1513785048.84: global name 'exit' is not defined
Failed Street at 1513785180.91: [Errno socket error] [Errno 10054] An existing connection was forcibly closed by the remote host
Failed main loop at 1513785180.91: global name 'exit' is not defined
Failed creating lookup table at 1513785181.84: [Errno socket error] [Errno 10054] An existing connection was forcibly closed by the remote host
Failed main loop at 1513785181.84: global name 'exit' is not defined
Failed Waterlight at 1513785185.37: [Errno socket error] [Errno 10054] An existing connection was forcibly closed by the remote host
Failed main loop at 1513785185.37: global name 'exit' is not defined
Failed Waterlight at 1513785200.81: [Errno socket error] [Errno 10054] An existing connection was forcibly closed by the remote host
Failed main loop at 1513785200.81: global name 'exit' is not defined
Failed creating lookup table at 1513785201.8: [Errno socket error] [Errno 10054] An existing connection was forcibly closed by the remote host
Failed main loop at 1513785201.8: global name 'exit' is not defined
Failed Waterlight at 1513785205.29: [Errno socket error] [Errno 10054] An existing connection was forcibly closed by the remote host
Failed main loop at 1513785205.3: global name 'exit' is not defined
Failed Waterlight at 1513785256.56: [Errno socket error] [Errno 10054] An existing connection was forcibly closed by the remote host
Failed main loop at 1513785256.56: global name 'exit' is not defined
Failed Solid Waste at 1513785279.32: [Errno socket error] [Errno 10054] An existing connection was forcibly closed by the remote host
Failed main loop at 1513785279.32: global name 'exit' is not defined
Failed Waterlight at 1513789799.79: [Errno socket error] [Errno 10054] An existing connection was forcibly closed by the remote host
Failed main loop at 1513789799.79: global name 'exit' is not defined
Failed creating lookup table at 1513789800.73: [Errno socket error] [Errno 10054] An existing connection was forcibly closed by the remote host
Failed main loop at 1513789800.73: global name 'exit' is not defined
Failed Sewer at 1513789805.96: [Errno socket error] [Errno 10054] An existing connection was forcibly closed by the remote host
Failed main loop at 1513789805.96: global name 'exit' is not defined
Failed Waterlight at 1513789812.78: [Errno socket error] [Errno 10054] An existing connection was forcibly closed by the remote host
Failed main loop at 1513789812.78: global name 'exit' is not defined
Failed creating lookup table at 1513790108.76: [Errno socket error] [Errno 10054] An existing connection was forcibly closed by the remote host
Failed main loop at 1513790108.76: global name 'exit' is not defined
Failed Waterlight at 1513790110.81: [Errno socket error] [Errno 10054] An existing connection was forcibly closed by the remote host
Failed main loop at 1513790110.81: global name 'exit' is not defined
Failed Waterlight at 1513790113.8: [Errno socket error] [Errno 10054] An existing connection was forcibly closed by the remote host
Failed main loop at 1513790113.8: global name 'exit' is not defined
Failed Waterlight at 1513790116.99: [Errno socket error] [Errno 10054] An existing connection was forcibly closed by the remote host
Failed main loop at 1513790116.99: global name 'exit' is not defined
Failed Waterlight at 1513790123.27: [Errno socket error] [Errno 10054] An existing connection was forcibly closed by the remote host
Failed main loop at 1513790123.27: global name 'exit' is not defined
Failed Waterlight at 1513790136.91: [Errno socket error] [Errno 10054] An existing connection was forcibly closed by the remote host
Failed main loop at 1513790136.91: global name 'exit' is not defined
Failed Waterlight at 1513791015.17: [Errno socket error] [Errno 10054] An existing connection was forcibly closed by the remote host
Failed main loop at 1513791015.17: global name 'exit' is not defined
Failed creating lookup table at 1513791017.77: [Errno socket error] [Errno 10054] An existing connection was forcibly closed by the remote host
Failed main loop at 1513791017.77: global name 'exit' is not defined
Failed Waterlight at 1513791023.2: [Errno socket error] [Errno 10054] An existing connection was forcibly closed by the remote host
Failed main loop at 1513791023.2: global name 'exit' is not defined
Failed creating lookup table at 1513791917.56: [Errno socket error] [Errno 10054] An existing connection was forcibly closed by the remote host
Failed main loop at 1513791917.56: global name 'exit' is not defined
Failed Waterlight at 1513791920.48: [Errno socket error] [Errno 10054] An existing connection was forcibly closed by the remote host
Failed main loop at 1513791920.48: global name 'exit' is not defined
Failed Waterlight at 1513791922.31: [Errno socket error] [Errno 10054] An existing connection was forcibly closed by the remote host
Failed main loop at 1513791922.31: global name 'exit' is not defined
Failed Waterlight at 1513792815.89: [Errno socket error] [Errno 10054] An existing connection was forcibly closed by the remote host
Failed main loop at 1513792815.89: global name 'exit' is not defined
Failed Waterlight at 1513792817.72: [Errno socket error] [Errno 10054] An existing connection was forcibly closed by the remote host
Failed main loop at 1513792817.72: global name 'exit' is not defined
Failed Waterlight at 1513792820.21: [Errno socket error] [Errno 10054] An existing connection was forcibly closed by the remote host
Failed main loop at 1513792820.21: global name 'exit' is not defined
Failed Solid Waste at 1513793715.64: [Errno socket error] [Errno 10054] An existing connection was forcibly closed by the remote host
Failed main loop at 1513793715.64: global name 'exit' is not defined
Failed Waterlight at 1513793717.13: [Errno socket error] [Errno 10054] An existing connection was forcibly closed by the remote host
Failed main loop at 1513793717.13: global name 'exit' is not defined
Failed Waterlight at 1513793720.78: [Errno socket error] [Errno 10054] An existing connection was forcibly closed by the remote host
Failed main loop at 1513793720.78: global name 'exit' is not defined
Failed Waterlight at 1513793723.27: [Errno socket error] [Errno 10054] An existing connection was forcibly closed by the remote host
Failed main loop at 1513793723.27: global name 'exit' is not defined
Failed creating lookup table at 1513794610.87: [Errno socket error] [Errno 10054] An existing connection was forcibly closed by the remote host
Failed main loop at 1513794610.87: global name 'exit' is not defined
Failed Waterlight at 1513794612.89: [Errno socket error] [Errno 10054] An existing connection was forcibly closed by the remote host
Failed main loop at 1513794612.89: global name 'exit' is not defined
Failed Waterlight at 1513794616.5: [Errno socket error] [Errno 10054] An existing connection was forcibly closed by the remote host
Failed main loop at 1513794616.5: global name 'exit' is not defined
Failed creating lookup table at 1513794617.36: [Errno socket error] [Errno 10054] An existing connection was forcibly closed by the remote host
Failed main loop at 1513794617.36: global name 'exit' is not defined
Failed Waterlight at 1513794625.19: [Errno socket error] [Errno 10054] An existing connection was forcibly closed by the remote host
Failed main loop at 1513794625.19: global name 'exit' is not defined
Failed Sewer at 1513794849.85: [Errno socket error] [Errno 10054] An existing connection was forcibly closed by the remote host
Failed main loop at 1513794849.85: global name 'exit' is not defined
Failed creating lookup table at 1513794854.85: [Errno socket error] [Errno 10054] An existing connection was forcibly closed by the remote host
Failed main loop at 1513794854.85: global name 'exit' is not defined
Failed Waterlight at 1513794861.31: [Errno socket error] [Errno 10054] An existing connection was forcibly closed by the remote host
Failed main loop at 1513794861.31: global name 'exit' is not defined
Failed Waterlight at 1513794973.44: [Errno socket error] [Errno 10054] An existing connection was forcibly closed by the remote host
Failed main loop at 1513794973.44: global name 'exit' is not defined
Failed Waterlight at 1513794979.89: [Errno socket error] [Errno 10054] An existing connection was forcibly closed by the remote host
Failed main loop at 1513794979.89: global name 'exit' is not defined
Failed Street at 1513795079.7: [Errno socket error] [Errno 10054] An existing connection was forcibly closed by the remote host
Failed main loop at 1513795079.7: global name 'exit' is not defined
Failed Waterlight at 1513795510.92: [Errno socket error] [Errno 10054] An existing connection was forcibly closed by the remote host
Failed main loop at 1513795510.92: global name 'exit' is not defined
Failed Waterlight at 1513795513.0: [Errno socket error] [Errno 10054] An existing connection was forcibly closed by the remote host
Failed main loop at 1513795513.0: global name 'exit' is not defined
Failed creating lookup table at 1513795517.87: [Errno socket error] [Errno 10054] An existing connection was forcibly closed by the remote host
Failed main loop at 1513795517.87: global name 'exit' is not defined
Failed Waterlight at 1513795524.05: [Errno socket error] [Errno 10054] An existing connection was forcibly closed by the remote host
Failed main loop at 1513795524.05: global name 'exit' is not defined
Failed Street at 1513796405.52: [Errno socket error] [Errno 10054] An existing connection was forcibly closed by the remote host
Failed main loop at 1513796405.52: global name 'exit' is not defined
Failed Sewer at 1513796408.93: [Errno socket error] [Errno 10054] An existing connection was forcibly closed by the remote host
Failed main loop at 1513796408.93: global name 'exit' is not defined
Failed Waterlight at 1513796411.69: [Errno socket error] [Errno 10054] An existing connection was forcibly closed by the remote host
Failed main loop at 1513796411.69: global name 'exit' is not defined
Failed Waterlight at 1513796417.88: [Errno socket error] [Errno 10054] An existing connection was forcibly closed by the remote host
Failed main loop at 1513796417.88: global name 'exit' is not defined
Failed creating lookup table at 1513796422.87: [Errno socket error] [Errno 10054] An existing connection was forcibly closed by the remote host
Failed main loop at 1513796422.87: global name 'exit' is not defined
Failed creating lookup table at 1513796427.83: [Errno socket error] [Errno 10054] An existing connection was forcibly closed by the remote host
Failed main loop at 1513796427.84: global name 'exit' is not defined
Failed Waterlight at 1513797314.55: [Errno socket error] [Errno 10054] An existing connection was forcibly closed by the remote host
Failed main loop at 1513797314.55: global name 'exit' is not defined
Failed Waterlight at 1513797321.47: [Errno socket error] [Errno 10054] An existing connection was forcibly closed by the remote host
Failed main loop at 1513797321.47: global name 'exit' is not defined
Failed Waterlight at 1513797328.38: [Errno socket error] [Errno 10054] An existing connection was forcibly closed by the remote host
Failed main loop at 1513797328.38: global name 'exit' is not defined
Failed creating lookup table at 1513949168.72: [Errno 10060] A connection attempt failed because the connected party did not properly respond after a period of time, or established connection failed because connected host has failed to respond
Failed main loop at 1513949168.72: global name 'exit' is not defined
Failed creating lookup table at 1514013957.28: [Errno 10060] A connection attempt failed because the connected party did not properly respond after a period of time, or established connection failed because connected host has failed to respond
Failed main loop at 1514013957.29: global name 'exit' is not defined
Failed Waterlight at 1514016001.95: ('http protocol error', 0, 'got a bad status line', None)
Failed main loop at 1514016001.95: global name 'exit' is not defined
Failed Street at 1514188802.02: ('http protocol error', 0, 'got a bad status line', None)
Failed main loop at 1514188802.06: global name 'exit' is not defined
Failed creating lookup table at 1514348570.34: [Errno 10060] A connection attempt failed because the connected party did not properly respond after a period of time, or established connection failed because connected host has failed to respond
Failed main loop at 1514348570.34: global name 'exit' is not defined
Failed creating lookup table at 1514518682.06: [Errno 10060] A connection attempt failed because the connected party did not properly respond after a period of time, or established connection failed because connected host has failed to respond
Failed main loop at 1514518682.08: global name 'exit' is not defined
Failed creating lookup table at 1514538069.83: [Errno 10060] A connection attempt failed because the connected party did not properly respond after a period of time, or established connection failed because connected host has failed to respond
Failed main loop at 1514538069.83: global name 'exit' is not defined
Failed creating lookup table at 1514563939.9: [Errno 10060] A connection attempt failed because the connected party did not properly respond after a period of time, or established connection failed because connected host has failed to respond
Failed main loop at 1514563939.9: global name 'exit' is not defined
Failed creating lookup table at 1514620801.36: [Errno socket error] [Errno 10054] An existing connection was forcibly closed by the remote host
Failed main loop at 1514620801.36: global name 'exit' is not defined
Failed Waterlight at 1514658222.23: [Errno socket error] [Errno 10060] A connection attempt failed because the connected party did not properly respond after a period of time, or established connection failed because connected host has failed to respond
Failed main loop at 1514658222.24: global name 'exit' is not defined
Failed creating lookup table at 1514658244.31: [Errno socket error] [Errno 10060] A connection attempt failed because the connected party did not properly respond after a period of time, or established connection failed because connected host has failed to respond
Failed main loop at 1514658244.31: global name 'exit' is not defined
Failed creating lookup table at 1514672904.98: [Errno 10060] A connection attempt failed because the connected party did not properly respond after a period of time, or established connection failed because connected host has failed to respond
Failed main loop at 1514672904.99: global name 'exit' is not defined
Failed creating lookup table at 1514673987.74: [Errno 10060] A connection attempt failed because the connected party did not properly respond after a period of time, or established connection failed because connected host has failed to respond
Failed main loop at 1514673987.74: global name 'exit' is not defined
Failed Sewer at 1514707201.37: [Errno socket error] [Errno 10054] An existing connection was forcibly closed by the remote host
Failed main loop at 1514707201.37: global name 'exit' is not defined
Failed creating lookup table at 1514738639.51: [Errno 10060] A connection attempt failed because the connected party did not properly respond after a period of time, or established connection failed because connected host has failed to respond
Failed main loop at 1514738639.51: global name 'exit' is not defined
Failed creating lookup table at 1514745120.8: [Errno 10060] A connection attempt failed because the connected party did not properly respond after a period of time, or established connection failed because connected host has failed to respond
Failed main loop at 1514745120.81: global name 'exit' is not defined
Failed creating lookup table at 1514894412.6: [Errno 10060] A connection attempt failed because the connected party did not properly respond after a period of time, or established connection failed because connected host has failed to respond
Failed main loop at 1514894412.6: global name 'exit' is not defined
Failed creating lookup table at 1515003279.44: [Errno 10060] A connection attempt failed because the connected party did not properly respond after a period of time, or established connection failed because connected host has failed to respond
Failed main loop at 1515003279.44: global name 'exit' is not defined
Failed creating lookup table at 1515030472.6: [Errno 10060] A connection attempt failed because the connected party did not properly respond after a period of time, or established connection failed because connected host has failed to respond
Failed main loop at 1515030472.6: global name 'exit' is not defined
Failed Waterlight at 1515139202.2: ('http protocol error', 0, 'got a bad status line', None)
Failed main loop at 1515139202.2: global name 'exit' is not defined
Failed creating lookup table at 1515209192.06: [Errno socket error] [Errno 10060] A connection attempt failed because the connected party did not properly respond after a period of time, or established connection failed because connected host has failed to respond
Failed main loop at 1515209192.09: global name 'exit' is not defined
Failed Waterlight at 1515251746.18: [Errno socket error] [Errno 10060] A connection attempt failed because the connected party did not properly respond after a period of time, or established connection failed because connected host has failed to respond
Failed main loop at 1515251746.2: global name 'exit' is not defined
Failed creating lookup table at 1515304643.49: [Errno 10060] A connection attempt failed because the connected party did not properly respond after a period of time, or established connection failed because connected host has failed to respond
Failed main loop at 1515304643.52: global name 'exit' is not defined
Failed creating lookup table at 1515425076.44: [Errno 10060] A connection attempt failed because the connected party did not properly respond after a period of time, or established connection failed because connected host has failed to respond
Failed main loop at 1515425076.5: global name 'exit' is not defined
Failed Street at 1515508251.22: [Errno socket error] [Errno 10060] A connection attempt failed because the connected party did not properly respond after a period of time, or established connection failed because connected host has failed to respond
Failed main loop at 1515508251.24: global name 'exit' is not defined
Failed creating lookup table at 1515508289.58: [Errno socket error] [Errno 10060] A connection attempt failed because the connected party did not properly respond after a period of time, or established connection failed because connected host has failed to respond
Failed main loop at 1515508289.59: global name 'exit' is not defined
Failed creating lookup table at 1515508301.51: [Errno socket error] [Errno 11001] getaddrinfo failed
Failed main loop at 1515508301.52: global name 'exit' is not defined
Failed creating lookup table at 1515508313.11: [Errno socket error] [Errno 11001] getaddrinfo failed
Failed main loop at 1515508313.13: global name 'exit' is not defined
Failed creating lookup table at 1515508313.96: [Errno socket error] [Errno 11001] getaddrinfo failed
Failed main loop at 1515508313.98: global name 'exit' is not defined
Failed creating lookup table at 1515508316.83: [Errno socket error] [Errno 11001] getaddrinfo failed
Failed main loop at 1515508316.84: global name 'exit' is not defined
Failed creating lookup table at 1515508321.72: [Errno socket error] [Errno 11001] getaddrinfo failed
Failed main loop at 1515508321.73: global name 'exit' is not defined
Failed creating lookup table at 1515508330.67: [Errno socket error] [Errno 11001] getaddrinfo failed
Failed main loop at 1515508330.68: global name 'exit' is not defined
Failed creating lookup table at 1515508347.49: [Errno socket error] [Errno 11001] getaddrinfo failed
Failed main loop at 1515508347.51: global name 'exit' is not defined
Failed creating lookup table at 1515508380.4: [Errno socket error] [Errno 11001] getaddrinfo failed
Failed main loop at 1515508380.41: global name 'exit' is not defined
Failed creating lookup table at 1515508445.14: [Errno socket error] [Errno 11001] getaddrinfo failed
Failed main loop at 1515508445.15: global name 'exit' is not defined
Failed creating lookup table at 1515536708.92: [Errno 10060] A connection attempt failed because the connected party did not properly respond after a period of time, or established connection failed because connected host has failed to respond
Failed main loop at 1515536708.94: global name 'exit' is not defined
Failed Waterlight at 1515571201.75: ('http protocol error', 0, 'got a bad status line', None)
Failed main loop at 1515571201.77: global name 'exit' is not defined
Failed creating lookup table at 1515612678.42: [Errno 10060] A connection attempt failed because the connected party did not properly respond after a period of time, or established connection failed because connected host has failed to respond
Failed main loop at 1515612678.45: global name 'exit' is not defined
Failed Sewer at 1515639817.1: [Errno socket error] [Errno 10060] A connection attempt failed because the connected party did not properly respond after a period of time, or established connection failed because connected host has failed to respond
Failed main loop at 1515639817.13: global name 'exit' is not defined
Failed Waterlight at 1515647874.21: [Errno socket error] [Errno 10060] A connection attempt failed because the connected party did not properly respond after a period of time, or established connection failed because connected host has failed to respond
Failed main loop at 1515647874.23: global name 'exit' is not defined
Failed creating lookup table at 1515705405.73: [Errno 10060] A connection attempt failed because the connected party did not properly respond after a period of time, or established connection failed because connected host has failed to respond
Failed main loop at 1515705405.75: global name 'exit' is not defined
Failed creating lookup table at 1516116886.35: [Errno 10060] A connection attempt failed because the connected party did not properly respond after a period of time, or established connection failed because connected host has failed to respond
Failed main loop at 1516116886.42: global name 'exit' is not defined
Failed creating lookup table at 1516172314.75: [Errno 10060] A connection attempt failed because the connected party did not properly respond after a period of time, or established connection failed because connected host has failed to respond
Failed main loop at 1516172314.77: global name 'exit' is not defined
Failed creating lookup table at 1516363133.43: [Errno 10060] A connection attempt failed because the connected party did not properly respond after a period of time, or established connection failed because connected host has failed to respond
Failed main loop at 1516363133.46: global name 'exit' is not defined
Failed creating lookup table at 1516521602.37: ('http protocol error', 0, 'got a bad status line', None)
Failed main loop at 1516521602.4: global name 'exit' is not defined
Failed creating lookup table at 1516541852.33: [Errno 10060] A connection attempt failed because the connected party did not properly respond after a period of time, or established connection failed because connected host has failed to respond
Failed main loop at 1516541852.35: global name 'exit' is not defined
Failed creating lookup table at 1516629330.26: [Errno 10060] A connection attempt failed because the connected party did not properly respond after a period of time, or established connection failed because connected host has failed to respond
Failed main loop at 1516629330.29: global name 'exit' is not defined
Failed creating lookup table at 1516662457.27: [Errno 10060] A connection attempt failed because the connected party did not properly respond after a period of time, or established connection failed because connected host has failed to respond
Failed main loop at 1516662457.29: global name 'exit' is not defined
Failed creating lookup table at 1516690614.32: [Errno 10060] A connection attempt failed because the connected party did not properly respond after a period of time, or established connection failed because connected host has failed to respond
Failed main loop at 1516690614.33: global name 'exit' is not defined
Failed Street at 1516694401.99: ('http protocol error', 0, 'got a bad status line', None)
Failed main loop at 1516694402.01: global name 'exit' is not defined
Failed creating lookup table at 1516703310.47: [Errno socket error] [Errno 10060] A connection attempt failed because the connected party did not properly respond after a period of time, or established connection failed because connected host has failed to respond
Failed main loop at 1516703310.49: global name 'exit' is not defined
Failed creating lookup table at 1516933054.8: [Errno 10060] A connection attempt failed because the connected party did not properly respond after a period of time, or established connection failed because connected host has failed to respond
Failed main loop at 1516933054.82: global name 'exit' is not defined
Failed Sewer at 1516953601.45: ('http protocol error', 0, 'got a bad status line', None)
Failed main loop at 1516953601.48: global name 'exit' is not defined
Failed creating lookup table at 1517116961.97: [Errno 10060] A connection attempt failed because the connected party did not properly respond after a period of time, or established connection failed because connected host has failed to respond
Failed main loop at 1517116962.0: global name 'exit' is not defined
Failed creating lookup table at 1517281078.99: [Errno 10060] A connection attempt failed because the connected party did not properly respond after a period of time, or established connection failed because connected host has failed to respond
Failed main loop at 1517281079.0: global name 'exit' is not defined
Failed creating lookup table at 1517289644.48: [Errno 10060] A connection attempt failed because the connected party did not properly respond after a period of time, or established connection failed because connected host has failed to respond
Failed main loop at 1517289644.49: global name 'exit' is not defined
Failed creating lookup table at 1517327842.66: [Errno 10060] A connection attempt failed because the connected party did not properly respond after a period of time, or established connection failed because connected host has failed to respond
Failed main loop at 1517327842.67: global name 'exit' is not defined
Failed creating lookup table at 1517352266.08: [Errno 10060] A connection attempt failed because the connected party did not properly respond after a period of time, or established connection failed because connected host has failed to respond
Failed main loop at 1517352266.09: global name 'exit' is not defined
Failed Waterlight at 1517353546.68: list assignment index out of range
Failed main loop at 1517353546.68: global name 'exit' is not defined
Failed Street at 1517430818.94: [Errno socket error] [Errno 10060] A connection attempt failed because the connected party did not properly respond after a period of time, or established connection failed because connected host has failed to respond
Failed main loop at 1517430818.94: global name 'exit' is not defined
Failed creating lookup table at 1517430841.95: [Errno socket error] [Errno 10060] A connection attempt failed because the connected party did not properly respond after a period of time, or established connection failed because connected host has failed to respond
Failed main loop at 1517430841.96: global name 'exit' is not defined
Failed creating lookup table at 1517430863.26: [Errno socket error] [Errno 10060] A connection attempt failed because the connected party did not properly respond after a period of time, or established connection failed because connected host has failed to respond
Failed main loop at 1517430863.27: global name 'exit' is not defined
Failed creating lookup table at 1517430884.57: [Errno socket error] [Errno 10060] A connection attempt failed because the connected party did not properly respond after a period of time, or established connection failed because connected host has failed to respond
Failed main loop at 1517430884.58: global name 'exit' is not defined
Failed creating lookup table at 1517430894.46: [Errno socket error] [Errno 11002] getaddrinfo failed
Failed main loop at 1517430894.46: global name 'exit' is not defined
Failed creating lookup table at 1517430905.84: [Errno socket error] [Errno 11002] getaddrinfo failed
Failed main loop at 1517430905.85: global name 'exit' is not defined
Failed creating lookup table at 1517430911.23: [Errno socket error] [Errno 11002] getaddrinfo failed
Failed main loop at 1517430911.24: global name 'exit' is not defined
Failed creating lookup table at 1517430919.92: [Errno socket error] [Errno 11002] getaddrinfo failed
Failed main loop at 1517430919.93: global name 'exit' is not defined
Failed creating lookup table at 1517430930.29: [Errno socket error] [Errno 11002] getaddrinfo failed
Failed main loop at 1517430930.29: global name 'exit' is not defined
Failed creating lookup table at 1517430941.69: [Errno socket error] [Errno 11002] getaddrinfo failed
Failed main loop at 1517430941.69: global name 'exit' is not defined
Failed creating lookup table at 1517430952.26: [Errno socket error] [Errno 11002] getaddrinfo failed
Failed main loop at 1517430952.26: global name 'exit' is not defined
Failed creating lookup table at 1517430958.36: [Errno socket error] [Errno 11002] getaddrinfo failed
Failed main loop at 1517430958.36: global name 'exit' is not defined
Failed creating lookup table at 1517430969.79: [Errno socket error] [Errno 11002] getaddrinfo failed
Failed main loop at 1517430969.79: global name 'exit' is not defined
Failed creating lookup table at 1517430970.67: [Errno socket error] [Errno 11002] getaddrinfo failed
Failed main loop at 1517430970.68: global name 'exit' is not defined
Failed creating lookup table at 1517430984.41: [Errno socket error] [Errno 11002] getaddrinfo failed
Failed main loop at 1517430984.41: global name 'exit' is not defined
Failed creating lookup table at 1517430994.82: [Errno socket error] [Errno 11002] getaddrinfo failed
Failed main loop at 1517430994.82: global name 'exit' is not defined
Failed creating lookup table at 1517431006.23: [Errno socket error] [Errno 11002] getaddrinfo failed
Failed main loop at 1517431006.24: global name 'exit' is not defined
Failed creating lookup table at 1517431017.64: [Errno socket error] [Errno 11001] getaddrinfo failed
Failed main loop at 1517431017.64: global name 'exit' is not defined
Failed creating lookup table at 1517431028.38: [Errno socket error] [Errno 11002] getaddrinfo failed
Failed main loop at 1517431028.38: global name 'exit' is not defined
Failed creating lookup table at 1517431039.57: [Errno socket error] [Errno 11002] getaddrinfo failed
Failed main loop at 1517431039.58: global name 'exit' is not defined
Failed creating lookup table at 1517431049.51: [Errno socket error] [Errno 11002] getaddrinfo failed
Failed main loop at 1517431049.52: global name 'exit' is not defined
Failed creating lookup table at 1517431060.6: [Errno socket error] [Errno 11002] getaddrinfo failed
Failed main loop at 1517431060.61: global name 'exit' is not defined
Failed creating lookup table at 1517431071.99: [Errno socket error] [Errno 11002] getaddrinfo failed
Failed main loop at 1517431072.0: global name 'exit' is not defined
Failed creating lookup table at 1517431083.07: [Errno socket error] [Errno 11002] getaddrinfo failed
Failed main loop at 1517431083.07: global name 'exit' is not defined
Failed creating lookup table at 1517431092.82: [Errno socket error] [Errno 11002] getaddrinfo failed
Failed main loop at 1517431092.82: global name 'exit' is not defined
Failed creating lookup table at 1517431104.08: [Errno socket error] [Errno 11002] getaddrinfo failed
Failed main loop at 1517431104.09: global name 'exit' is not defined
Failed creating lookup table at 1517431115.47: [Errno socket error] [Errno 11002] getaddrinfo failed
Failed main loop at 1517431115.47: global name 'exit' is not defined
Failed creating lookup table at 1517431126.24: [Errno socket error] [Errno 11002] getaddrinfo failed
Failed main loop at 1517431126.24: global name 'exit' is not defined
Failed creating lookup table at 1517431132.34: [Errno socket error] [Errno 11002] getaddrinfo failed
Failed main loop at 1517431132.35: global name 'exit' is not defined
Failed creating lookup table at 1517431142.5: [Errno socket error] [Errno 11002] getaddrinfo failed
Failed main loop at 1517431142.51: global name 'exit' is not defined
Failed creating lookup table at 1517431152.33: [Errno socket error] [Errno 11002] getaddrinfo failed
Failed main loop at 1517431152.33: global name 'exit' is not defined
Failed creating lookup table at 1517431157.71: [Errno socket error] [Errno 11002] getaddrinfo failed
Failed main loop at 1517431157.72: global name 'exit' is not defined
Failed creating lookup table at 1517431167.3: [Errno socket error] [Errno 11002] getaddrinfo failed
Failed main loop at 1517431167.31: global name 'exit' is not defined
Failed creating lookup table at 1517431178.6: [Errno socket error] [Errno 11002] getaddrinfo failed
Failed main loop at 1517431178.61: global name 'exit' is not defined
Failed creating lookup table at 1517431183.99: [Errno socket error] [Errno 11002] getaddrinfo failed
Failed main loop at 1517431183.99: global name 'exit' is not defined
Failed creating lookup table at 1517431196.3: [Errno socket error] [Errno 11002] getaddrinfo failed
Failed main loop at 1517431196.31: global name 'exit' is not defined
Failed creating lookup table at 1517431206.27: [Errno socket error] [Errno 11002] getaddrinfo failed
Failed main loop at 1517431206.27: global name 'exit' is not defined
Failed creating lookup table at 1517431218.31: [Errno socket error] [Errno 11002] getaddrinfo failed
Failed main loop at 1517431218.32: global name 'exit' is not defined
Failed creating lookup table at 1517431230.67: [Errno socket error] [Errno 11002] getaddrinfo failed
Failed main loop at 1517431230.68: global name 'exit' is not defined
Failed creating lookup table at 1517431241.28: [Errno socket error] [Errno 11002] getaddrinfo failed
Failed main loop at 1517431241.28: global name 'exit' is not defined
Failed creating lookup table at 1517431253.63: [Errno socket error] [Errno 11001] getaddrinfo failed
Failed main loop at 1517431253.64: global name 'exit' is not defined
Failed creating lookup table at 1517431254.87: [Errno socket error] [Errno 11002] getaddrinfo failed
Failed main loop at 1517431254.88: global name 'exit' is not defined
Failed creating lookup table at 1517431269.24: [Errno socket error] [Errno 11002] getaddrinfo failed
Failed main loop at 1517431269.25: global name 'exit' is not defined
Failed creating lookup table at 1517431281.62: [Errno socket error] [Errno 11002] getaddrinfo failed
Failed main loop at 1517431281.62: global name 'exit' is not defined
Failed creating lookup table at 1517431294.03: [Errno socket error] [Errno 11001] getaddrinfo failed
Failed main loop at 1517431294.04: global name 'exit' is not defined
Failed creating lookup table at 1517431306.41: [Errno socket error] [Errno 11002] getaddrinfo failed
Failed main loop at 1517431306.41: global name 'exit' is not defined
Failed creating lookup table at 1517431318.77: [Errno socket error] [Errno 11002] getaddrinfo failed
Failed main loop at 1517431318.77: global name 'exit' is not defined
Failed creating lookup table at 1517431331.12: [Errno socket error] [Errno 11002] getaddrinfo failed
Failed main loop at 1517431331.13: global name 'exit' is not defined
Failed creating lookup table at 1517431343.63: [Errno socket error] [Errno 11002] getaddrinfo failed
Failed main loop at 1517431343.63: global name 'exit' is not defined
Failed creating lookup table at 1517431355.98: [Errno socket error] [Errno 11002] getaddrinfo failed
Failed main loop at 1517431355.99: global name 'exit' is not defined
Failed creating lookup table at 1517431368.34: [Errno socket error] [Errno 11002] getaddrinfo failed
Failed main loop at 1517431368.35: global name 'exit' is not defined
Failed creating lookup table at 1517431380.72: [Errno socket error] [Errno 11002] getaddrinfo failed
Failed main loop at 1517431380.72: global name 'exit' is not defined
Failed creating lookup table at 1517431393.09: [Errno socket error] [Errno 11002] getaddrinfo failed
Failed main loop at 1517431393.1: global name 'exit' is not defined
Failed creating lookup table at 1517431405.45: [Errno socket error] [Errno 11002] getaddrinfo failed
Failed main loop at 1517431405.46: global name 'exit' is not defined
Failed creating lookup table at 1517516480.94: [Errno 10060] A connection attempt failed because the connected party did not properly respond after a period of time, or established connection failed because connected host has failed to respond
Failed main loop at 1517516480.95: global name 'exit' is not defined
Failed Waterlight at 1518000602.89: ('http protocol error', 0, 'got a bad status line', None)
Failed main loop at 1518000602.94: global name 'exit' is not defined
Failed creating lookup table at 1518064194.76: [Errno 10060] A connection attempt failed because the connected party did not properly respond after a period of time, or established connection failed because connected host has failed to respond
Failed main loop at 1518064194.85: global name 'exit' is not defined
